<?xml version="1.0" encoding="UTF-8"?>
<!-- Generated by org.testng.reporters.JUnitXMLReporter -->
<testsuite ignored="0" hostname="DESKTOP-1429IRN" failures="0" tests="6" name="Default test" time="34.076" errors="0" timestamp="2024-05-28T15:27:14 ART">
  <testcase classname="trafilea.trafileacollection.TestFinal" name="homepagetest" time="1.892"/>
  <testcase classname="trafilea.trafileacollection.TestFinal" name="selecTheFirstProduct" time="4.941"/>
  <testcase classname="trafilea.trafileacollection.TestFinal" name="fillForm" time="25.337"/>
  <testcase classname="trafilea.trafileacollection.TestFinal" name="isDeliverySelected" time="0.176"/>
  <testcase classname="trafilea.trafileacollection.TestFinal" name="FillCridetCard" time="1.603"/>
  <testcase classname="trafilea.trafileacollection.TestFinal" name="asserterrormessage" time="0.094"/>
</testsuite> <!-- Default test -->
