<?xml version="1.0" encoding="UTF-8"?>
<!-- Generated by org.testng.reporters.JUnitXMLReporter -->
<testsuite ignored="0" hostname="DESKTOP-1429IRN" failures="0" tests="6" name="Test2" time="37.31" errors="0" timestamp="2024-05-28T15:33:05 ART">
  <testcase classname="trafilea.trafileacollection.TestFinal" name="homepagetest" time="2.035"/>
  <testcase classname="trafilea.trafileacollection.TestFinal" name="selecTheFirstProduct" time="5.64"/>
  <testcase classname="trafilea.trafileacollection.TestFinal" name="fillForm" time="28.063"/>
  <testcase classname="trafilea.trafileacollection.TestFinal" name="isDeliverySelected" time="0.09"/>
  <testcase classname="trafilea.trafileacollection.TestFinal" name="FillCridetCard" time="1.379"/>
  <testcase classname="trafilea.trafileacollection.TestFinal" name="asserterrormessage" time="0.054"/>
</testsuite> <!-- Test2 -->
