<?xml version="1.0" encoding="UTF-8"?>
<testng-results ignored="0" total="10" passed="10" failed="0" skipped="0">
  <reporter-output>
  </reporter-output>
  <suite started-at="2024-05-28T15:32:28 ART" name="Suite" finished-at="2024-05-28T15:33:05 ART" duration-ms="37310">
    <groups>
    </groups>
    <test started-at="2024-05-28T15:32:28 ART" name="Test1" finished-at="2024-05-28T15:32:36 ART" duration-ms="7665">
      <class name="trafilea.trafileacollection.APITesting">
        <test-method signature="GetAllUsers()[pri:1, instance:trafilea.trafileacollection.APITesting@5542c4ed]" started-at="2024-05-28T15:32:28 ART" name="GetAllUsers" finished-at="2024-05-28T15:32:30 ART" duration-ms="1655" status="PASS">
          <reporter-output>
          </reporter-output>
        </test-method> <!-- GetAllUsers -->
        <test-method signature="GetTheFirstActiveUser()[pri:2, instance:trafilea.trafileacollection.APITesting@5542c4ed]" started-at="2024-05-28T15:32:30 ART" name="GetTheFirstActiveUser" finished-at="2024-05-28T15:32:32 ART" duration-ms="2603" status="PASS">
          <reporter-output>
          </reporter-output>
        </test-method> <!-- GetTheFirstActiveUser -->
        <test-method signature="getthefirstuser()[pri:3, instance:trafilea.trafileacollection.APITesting@5542c4ed]" started-at="2024-05-28T15:32:32 ART" name="getthefirstuser" finished-at="2024-05-28T15:32:34 ART" duration-ms="1985" status="PASS">
          <reporter-output>
          </reporter-output>
        </test-method> <!-- getthefirstuser -->
        <test-method signature="deletafterbatch()[pri:4, instance:trafilea.trafileacollection.APITesting@5542c4ed]" started-at="2024-05-28T15:32:34 ART" name="deletafterbatch" finished-at="2024-05-28T15:32:36 ART" duration-ms="1374" status="PASS">
          <reporter-output>
          </reporter-output>
        </test-method> <!-- deletafterbatch -->
      </class> <!-- trafilea.trafileacollection.APITesting -->
    </test> <!-- Test1 -->
    <test started-at="2024-05-28T15:32:28 ART" name="Test2" finished-at="2024-05-28T15:33:05 ART" duration-ms="37310">
      <class name="trafilea.trafileacollection.TestFinal">
        <test-method is-config="true" signature="StartDriver(java.lang.String)[pri:0, instance:trafilea.trafileacollection.TestFinal@43c1b556]" started-at="2024-05-28T15:32:24 ART" name="StartDriver" finished-at="2024-05-28T15:32:28 ART" duration-ms="4368" status="PASS">
          <params>
            <param index="0">
              <value>
                <![CDATA[chrome]]>
              </value>
            </param>
          </params>
          <reporter-output>
          </reporter-output>
        </test-method> <!-- StartDriver -->
        <test-method signature="homepagetest()[pri:1, instance:trafilea.trafileacollection.TestFinal@43c1b556]" started-at="2024-05-28T15:32:28 ART" name="homepagetest" finished-at="2024-05-28T15:32:30 ART" duration-ms="2035" status="PASS">
          <reporter-output>
          </reporter-output>
        </test-method> <!-- homepagetest -->
        <test-method signature="selecTheFirstProduct()[pri:2, instance:trafilea.trafileacollection.TestFinal@43c1b556]" started-at="2024-05-28T15:32:30 ART" name="selecTheFirstProduct" finished-at="2024-05-28T15:32:36 ART" depends-on-methods="trafilea.trafileacollection.TestFinal.homepagetest" duration-ms="5640" status="PASS">
          <reporter-output>
          </reporter-output>
        </test-method> <!-- selecTheFirstProduct -->
        <test-method signature="fillForm()[pri:3, instance:trafilea.trafileacollection.TestFinal@43c1b556]" started-at="2024-05-28T15:32:36 ART" name="fillForm" finished-at="2024-05-28T15:33:04 ART" depends-on-methods="trafilea.trafileacollection.TestFinal.selecTheFirstProduct" duration-ms="28063" status="PASS">
          <reporter-output>
          </reporter-output>
        </test-method> <!-- fillForm -->
        <test-method signature="isDeliverySelected()[pri:4, instance:trafilea.trafileacollection.TestFinal@43c1b556]" started-at="2024-05-28T15:33:04 ART" name="isDeliverySelected" finished-at="2024-05-28T15:33:04 ART" depends-on-methods="trafilea.trafileacollection.TestFinal.fillForm" duration-ms="90" status="PASS">
          <reporter-output>
          </reporter-output>
        </test-method> <!-- isDeliverySelected -->
        <test-method signature="FillCridetCard()[pri:5, instance:trafilea.trafileacollection.TestFinal@43c1b556]" started-at="2024-05-28T15:33:04 ART" name="FillCridetCard" finished-at="2024-05-28T15:33:05 ART" duration-ms="1379" status="PASS">
          <reporter-output>
          </reporter-output>
        </test-method> <!-- FillCridetCard -->
        <test-method signature="asserterrormessage()[pri:6, instance:trafilea.trafileacollection.TestFinal@43c1b556]" started-at="2024-05-28T15:33:05 ART" name="asserterrormessage" finished-at="2024-05-28T15:33:05 ART" depends-on-methods="trafilea.trafileacollection.TestFinal.FillCridetCard" duration-ms="54" status="PASS">
          <reporter-output>
          </reporter-output>
        </test-method> <!-- asserterrormessage -->
        <test-method is-config="true" signature="CloseTab()[pri:0, instance:trafilea.trafileacollection.TestFinal@43c1b556]" started-at="2024-05-28T15:33:05 ART" name="CloseTab" finished-at="2024-05-28T15:33:05 ART" duration-ms="231" status="PASS">
          <reporter-output>
          </reporter-output>
        </test-method> <!-- CloseTab -->
      </class> <!-- trafilea.trafileacollection.TestFinal -->
      <class name="trafilea.trafileacollection.APITesting">
        <test-method is-config="true" signature="setup()[pri:0, instance:trafilea.trafileacollection.APITesting@5542c4ed]" started-at="2024-05-28T15:32:23 ART" name="setup" finished-at="2024-05-28T15:32:24 ART" duration-ms="296" status="PASS">
          <reporter-output>
          </reporter-output>
        </test-method> <!-- setup -->
      </class> <!-- trafilea.trafileacollection.APITesting -->
    </test> <!-- Test2 -->
  </suite> <!-- Suite -->
</testng-results>
